<?xml version="1.0" encoding="UTF-8"?>
<!-- Generated by org.testng.reporters.JUnitXMLReporter -->
<testsuite ignored="3" hostname="TBS-21" failures="0" tests="2" name="Test" time="18.296" errors="0" timestamp="03 Nov 2022 11:09:30 GMT">
  <testcase classname="Script.Login" name="Oaslogin" time="5.994"/>
  <testcase classname="Script.BookAppointment" name="bascript" time="8.392"/>
  <testcase classname="Script.Baseclass" name="@BeforeSuite reportSetup" time="0.0">
    <ignored/>
  </testcase> <!-- @BeforeSuite reportSetup -->
  <testcase classname="Script.Baseclass" name="@BeforeTest setup" time="0.0">
    <ignored/>
  </testcase> <!-- @BeforeTest setup -->
  <testcase classname="Script.Baseclass" name="@AfterTest reportgeneration" time="0.0">
    <ignored/>
  </testcase> <!-- @AfterTest reportgeneration -->
</testsuite> <!-- Test -->
