<?xml version="1.0" encoding="UTF-8"?>
<testng-results ignored="0" total="2" passed="2" failed="0" skipped="0">
  <reporter-output>
  </reporter-output>
  <suite started-at="2022-12-28T10:39:27Z" name="Suite" finished-at="2022-12-28T10:39:30Z" duration-ms="3684">
    <groups>
    </groups>
    <test started-at="2022-12-28T10:39:27Z" name="Test" finished-at="2022-12-28T10:39:30Z" duration-ms="3684">
      <class name="com.org.tbs.apitestingresassured.getRequestDemo">
        <test-method is-config="true" signature="reportSetup()[pri:0, instance:com.org.tbs.apitestingresassured.getRequestDemo@2f9a01c1]" started-at="2022-12-28T10:39:26Z" name="reportSetup" finished-at="2022-12-28T10:39:27Z" duration-ms="845" status="PASS">
          <reporter-output>
          </reporter-output>
        </test-method> <!-- reportSetup -->
        <test-method signature="jsconexample()[pri:0, instance:com.org.tbs.apitestingresassured.getRequestDemo@2f9a01c1]" started-at="2022-12-28T10:39:27Z" name="jsconexample" finished-at="2022-12-28T10:39:30Z" duration-ms="3005" status="PASS">
          <reporter-output>
          </reporter-output>
        </test-method> <!-- jsconexample -->
        <test-method signature="postReq()[pri:0, instance:com.org.tbs.apitestingresassured.getRequestDemo@2f9a01c1]" started-at="2022-12-28T10:39:30Z" name="postReq" finished-at="2022-12-28T10:39:30Z" duration-ms="131" status="PASS">
          <reporter-output>
          </reporter-output>
        </test-method> <!-- postReq -->
        <test-method is-config="true" signature="reportgeneration()[pri:0, instance:com.org.tbs.apitestingresassured.getRequestDemo@2f9a01c1]" started-at="2022-12-28T10:39:30Z" name="reportgeneration" finished-at="2022-12-28T10:39:30Z" duration-ms="437" status="PASS">
          <reporter-output>
          </reporter-output>
        </test-method> <!-- reportgeneration -->
        <test-method is-config="true" signature="tearDown()[pri:0, instance:com.org.tbs.apitestingresassured.getRequestDemo@2f9a01c1]" started-at="2022-12-28T10:39:30Z" name="tearDown" finished-at="2022-12-28T10:39:30Z" duration-ms="0" status="PASS">
          <reporter-output>
          </reporter-output>
        </test-method> <!-- tearDown -->
      </class> <!-- com.org.tbs.apitestingresassured.getRequestDemo -->
    </test> <!-- Test -->
  </suite> <!-- Suite -->
</testng-results>
