<?xml version="1.0" encoding="UTF-8"?>
<testng-results ignored="0" total="1" passed="1" failed="0" skipped="0">
  <reporter-output>
  </reporter-output>
  <suite started-at="2022-12-28T09:34:41Z" name="Suite" finished-at="2022-12-28T09:35:40Z" duration-ms="58647">
    <groups>
    </groups>
    <test started-at="2022-12-28T09:34:41Z" name="Test" finished-at="2022-12-28T09:35:40Z" duration-ms="58647">
      <class name="com.org.tbs.securitytest.owaspintegration">
        <test-method is-config="true" signature="setup()[pri:0, instance:com.org.tbs.securitytest.owaspintegration@618c5d94]" started-at="2022-12-28T09:34:42Z" name="setup" finished-at="2022-12-28T09:34:45Z" duration-ms="3486" status="PASS">
          <reporter-output>
          </reporter-output>
        </test-method> <!-- setup -->
        <test-method signature="launchUrl()[pri:0, instance:com.org.tbs.securitytest.owaspintegration@618c5d94]" started-at="2022-12-28T09:34:45Z" name="launchUrl" finished-at="2022-12-28T09:35:37Z" duration-ms="51943" status="PASS">
          <reporter-output>
          </reporter-output>
        </test-method> <!-- launchUrl -->
        <test-method is-config="true" signature="tearDown()[pri:0, instance:com.org.tbs.securitytest.owaspintegration@618c5d94]" started-at="2022-12-28T09:35:37Z" name="tearDown" finished-at="2022-12-28T09:35:40Z" duration-ms="2854" status="PASS">
          <reporter-output>
          </reporter-output>
        </test-method> <!-- tearDown -->
      </class> <!-- com.org.tbs.securitytest.owaspintegration -->
    </test> <!-- Test -->
  </suite> <!-- Suite -->
</testng-results>
