<?xml version="1.0" encoding="UTF-8"?>
<testng-results ignored="3" total="5" passed="2" failed="0" skipped="0">
  <reporter-output>
  </reporter-output>
  <suite started-at="2022-11-03T11:09:12Z" name="Suite" finished-at="2022-11-03T11:09:30Z" duration-ms="18296">
    <groups>
    </groups>
    <test started-at="2022-11-03T11:09:12Z" name="Test" finished-at="2022-11-03T11:09:30Z" duration-ms="18296">
      <class name="Script.BookAppointment">
        <test-method signature="bascript()[pri:1, instance:Script.BookAppointment@416c58f5]" started-at="2022-11-03T11:09:22Z" name="bascript" finished-at="2022-11-03T11:09:30Z" duration-ms="8392" status="PASS">
          <reporter-output>
          </reporter-output>
        </test-method> <!-- bascript -->
      </class> <!-- Script.BookAppointment -->
      <class name="Script.Login">
        <test-method is-config="true" signature="reportSetup()[pri:0, instance:Script.Login@3b7d3a38]" started-at="2022-11-03T11:09:12Z" name="reportSetup" finished-at="2022-11-03T11:09:12Z" duration-ms="427" status="PASS">
          <reporter-output>
          </reporter-output>
        </test-method> <!-- reportSetup -->
        <test-method is-config="true" signature="setup()[pri:0, instance:Script.Login@3b7d3a38]" started-at="2022-11-03T11:09:12Z" name="setup" finished-at="2022-11-03T11:09:16Z" duration-ms="3377" status="PASS">
          <reporter-output>
          </reporter-output>
        </test-method> <!-- setup -->
        <test-method signature="Oaslogin()[pri:0, instance:Script.Login@3b7d3a38]" started-at="2022-11-03T11:09:16Z" name="Oaslogin" finished-at="2022-11-03T11:09:22Z" duration-ms="5994" status="PASS">
          <reporter-output>
          </reporter-output>
        </test-method> <!-- Oaslogin -->
        <test-method is-config="true" signature="reportgeneration()[pri:0, instance:Script.Login@3b7d3a38]" started-at="2022-11-03T11:09:30Z" name="reportgeneration" finished-at="2022-11-03T11:09:30Z" duration-ms="494" status="PASS">
          <reporter-output>
          </reporter-output>
        </test-method> <!-- reportgeneration -->
      </class> <!-- Script.Login -->
    </test> <!-- Test -->
  </suite> <!-- Suite -->
</testng-results>
